<?xml version="1.0" encoding="UTF-8" standalone="no"?>

<!--AUTO-GENERATED. DO NOT MODIFY this file.-->
<layer-list xmlns:android="http://schemas.android.com/apk/res/android">
    <!--Drawable for light_gradient_accent-->
    <item android:drawable="@drawable/thmbldr_light_gradient_accent_layer_0"/>
    <item android:drawable="@drawable/thmbldr_light_gradient_accent_layer_1"/>
    <item android:drawable="@drawable/thmbldr_light_gradient_accent_layer_2"/>
</layer-list>
