<?xml version="1.0" encoding="UTF-8" standalone="no"?>

<!--AUTO-GENERATED. DO NOT MODIFY this file.-->
<resources xmlns:tools="http://schemas.android.com/tools">
    <dimen name="thmbldr_test_dimen">128.0dp</dimen>
</resources>
