<?xml version="1.0" encoding="UTF-8" standalone="no"?>
<resources>
    <!--region Тень downHardL для android-->
    <dimen name="thmbldr_shadow_down_hard_l_dx">0.0dp</dimen>
    <dimen name="thmbldr_shadow_down_hard_l_dY">1.0dp</dimen>
    <color name="thmbldr_shadow_down_hard_l_color">#99000000</color>
    <dimen name="thmbldr_shadow_down_hard_l_radius">4.0dp</dimen>
    <!--endregion Тень downHardL для android-->
</resources>
