<?xml version="1.0" encoding="UTF-8" standalone="no"?>

<!--AUTO-GENERATED. DO NOT MODIFY this file.-->
<resources>
    <attr format="reference" name="thmbldr_shadowDownSoftS"/>
    <attr format="reference" name="thmbldr_shadowDownHardS"/>
</resources>
