<?xml version="1.0" encoding="UTF-8" standalone="no"?>

<!--AUTO-GENERATED. DO NOT MODIFY this file.-->
<resources xmlns:tools="http://schemas.android.com/tools">
    <!--region Тень downHardL для android-->
    <color name="thmbldr_shadow_down_hard_l_color">#99000000</color>
    <dimen name="thmbldr_shadow_down_hard_l_elevation">1.0dp</dimen>
    <!--endregion Тень downHardL для android-->
</resources>
