<?xml version="1.0" encoding="UTF-8" standalone="no"?>

<!--AUTO-GENERATED. DO NOT MODIFY this file.-->
<resources xmlns:tools="http://schemas.android.com/tools">
    <!--region Тень downHardL для android-->
    <color name="thmbldr_shadow_down_hard_l_layer_1_color">#99000000</color>
    <dimen name="thmbldr_shadow_down_hard_l_layer_1_offset_x">1.0dp</dimen>
    <dimen name="thmbldr_shadow_down_hard_l_layer_1_offset_y">1.0dp</dimen>
    <dimen name="thmbldr_shadow_down_hard_l_layer_1_spread">1.0dp</dimen>
    <dimen name="thmbldr_shadow_down_hard_l_layer_1_blur">1.0dp</dimen>
    <color name="thmbldr_shadow_down_hard_l_layer_2_color">#99000000</color>
    <dimen name="thmbldr_shadow_down_hard_l_layer_2_offset_x">1.0dp</dimen>
    <dimen name="thmbldr_shadow_down_hard_l_layer_2_offset_y">1.0dp</dimen>
    <dimen name="thmbldr_shadow_down_hard_l_layer_2_spread">1.0dp</dimen>
    <dimen name="thmbldr_shadow_down_hard_l_layer_2_blur">1.0dp</dimen>
    <!--endregion Тень downHardL для android-->
</resources>
