<?xml version="1.0" encoding="UTF-8" standalone="no"?>

<!--AUTO-GENERATED. DO NOT MODIFY this file.-->
<resources>
    <style name="Thmbldr.TestTheme.MaterialComponents.Dialog.DayNight" parent="Thmbldr.TestTheme.MaterialComponents.Dialog"/>
    <style name="Thmbldr.TestTheme.MaterialComponents.NoActionBar.DayNight" parent="Thmbldr.TestTheme.MaterialComponents.NoActionBar"/>
    <style name="Thmbldr.TestTheme.AppCompat.NoActionBar.DayNight" parent="Thmbldr.TestTheme.AppCompat.NoActionBar"/>
</resources>
