<?xml version="1.0" encoding="UTF-8" standalone="no"?>

<!--AUTO-GENERATED. DO NOT MODIFY this file.-->
<resources>
    <style name="Thmbldr.TestTheme">
        <!--Dark colors-->
        <item name="thmbldr_textPrimary">@color/thmbldr_dark_text_primary</item>
    </style>
</resources>
