<?xml version="1.0" encoding="UTF-8" standalone="no"?>
<resources>
    <style name="Thmbldr.TestTheme.MaterialComponents.Light.NoDialog" parent="Theme.MaterialComponents.Light.NoDialog">
        <!--Light colors-->
        <item name="thmbldr_textPrimary">@color/thmbldr_light_text_primary</item>
        <!--Shapes-->
        <item name="thmbldr_shapeRoundXs">@style/Thmbldr.TestTheme.Shape.Round.Xs</item>
        <item name="thmbldr_shapeRoundXxs">@style/Thmbldr.TestTheme.Shape.Round.Xxs</item>
        <!--Typography-->
        <item name="thmbldr_typographyDisplayLNormal">@style/Thmbldr.TestTheme.Typography.DisplayLNormal</item>
        <item name="thmbldr_typographyHeaderH3Bold">@style/Thmbldr.TestTheme.Typography.HeaderH3Bold</item>
    </style>
    <style name="Thmbldr.TestTheme.MaterialComponents.DayNight" parent="Theme.MaterialComponents.DayNight">
        <!--Light colors-->
        <item name="thmbldr_textPrimary">@color/thmbldr_light_text_primary</item>
        <!--Shapes-->
        <item name="thmbldr_shapeRoundXs">@style/Thmbldr.TestTheme.Shape.Round.Xs</item>
        <item name="thmbldr_shapeRoundXxs">@style/Thmbldr.TestTheme.Shape.Round.Xxs</item>
        <!--Typography-->
        <item name="thmbldr_typographyDisplayLNormal">@style/Thmbldr.TestTheme.Typography.DisplayLNormal</item>
        <item name="thmbldr_typographyHeaderH3Bold">@style/Thmbldr.TestTheme.Typography.HeaderH3Bold</item>
    </style>
    <style name="Thmbldr.TestTheme.AppCompat.DayNight" parent="Theme.AppCompat.DayNight">
        <!--Light colors-->
        <item name="thmbldr_textPrimary">@color/thmbldr_light_text_primary</item>
        <!--Shapes-->
        <item name="thmbldr_shapeRoundXs">@style/Thmbldr.TestTheme.Shape.Round.Xs</item>
        <item name="thmbldr_shapeRoundXxs">@style/Thmbldr.TestTheme.Shape.Round.Xxs</item>
        <!--Typography-->
        <item name="thmbldr_typographyDisplayLNormal">@style/Thmbldr.TestTheme.Typography.DisplayLNormal</item>
        <item name="thmbldr_typographyHeaderH3Bold">@style/Thmbldr.TestTheme.Typography.HeaderH3Bold</item>
    </style>
    <style name="Thmbldr.TestTheme.MaterialComponents"/>
    <style name="Thmbldr.TestTheme.MaterialComponents.Light"/>
    <style name="Thmbldr.TestTheme.AppCompat"/>
    <style name="Thmbldr"/>
    <style name="Thmbldr.TestTheme"/>
</resources>
