<?xml version="1.0" encoding="UTF-8" standalone="no"?>

<!--AUTO-GENERATED. DO NOT MODIFY this file.-->
<resources>
    <style name="Thmbldr.TestTheme.MaterialComponents" parent="Theme.MaterialComponents">
        <!--Dark colors-->
        <item name="thmbldr_textPrimary">@color/thmbldr_dark_text_primary</item>
        <!--Dark gradients-->
        <item name="thmbldr_gradientAccent">@drawable/Thmbldr.TestTheme.Gradient.DarkGradientAccent</item>
        <!--Shapes-->
        <item name="thmbldr_shapeRoundXs">@style/Thmbldr.TestTheme.Shape.Round.Xs</item>
        <item name="thmbldr_shapeRoundXxs">@style/Thmbldr.TestTheme.Shape.Round.Xxs</item>
        <!--Typography-->
        <item name="thmbldr_typographyDisplayLNormal">@style/Thmbldr.TestTheme.Typography.DisplayLNormal</item>
        <item name="thmbldr_typographyHeaderH3Bold">@style/Thmbldr.TestTheme.Typography.HeaderH3Bold</item>
    </style>
    <style name="Thmbldr.TestTheme.MaterialComponents.Light" parent="Theme.MaterialComponents.Light">
        <!--Light colors-->
        <item name="thmbldr_textPrimary">@color/thmbldr_light_text_primary</item>
        <!--Light gradients-->
        <item name="thmbldr_gradientAccent">@drawable/Thmbldr.TestTheme.Gradient.LightGradientAccent</item>
        <!--Shapes-->
        <item name="thmbldr_shapeRoundXs">@style/Thmbldr.TestTheme.Shape.Round.Xs</item>
        <item name="thmbldr_shapeRoundXxs">@style/Thmbldr.TestTheme.Shape.Round.Xxs</item>
        <!--Typography-->
        <item name="thmbldr_typographyDisplayLNormal">@style/Thmbldr.TestTheme.Typography.DisplayLNormal</item>
        <item name="thmbldr_typographyHeaderH3Bold">@style/Thmbldr.TestTheme.Typography.HeaderH3Bold</item>
    </style>
    <style name="Thmbldr.TestTheme.MaterialComponents.DayNight" parent="Thmbldr.TestTheme.MaterialComponents.Light"/>
    <style name="Thmbldr"/>
    <style name="Thmbldr.TestTheme"/>
</resources>
