<?xml version="1.0" encoding="UTF-8" standalone="no"?>
<resources>
    <style name="Thmbldr"/>
    <style name="Thmbldr.Theme" parent="Sdds.Theme">
        <!--Light colors-->
        <item name="thmbldr_textPrimary">@color/thmbldr_light_text_primary</item>
        <!--Shapes-->
        <item name="thmbldr_shapeRoundXs">@style/Thmbldr.Shape.Round.Xs</item>
        <item name="thmbldr_shapeRoundXxs">@style/Thmbldr.Shape.Round.Xxs</item>
        <!--Light gradients-->
        <item name="thmbldr_textAccentGradientHover_position_0">@dimen/thmbldr_light_text_accent_gradient_hover_position_0</item>
        <item name="thmbldr_textAccentGradientHover_position_1">@dimen/thmbldr_light_text_accent_gradient_hover_position_1</item>
        <item name="thmbldr_textAccentGradientHover_color_0">@dimen/thmbldr_light_text_accent_gradient_hover_color_0</item>
        <item name="thmbldr_textAccentGradientHover_color_1">@dimen/thmbldr_light_text_accent_gradient_hover_color_1</item>
        <item name="thmbldr_textAccentGradientHover_angle">@dimen/thmbldr_light_text_accent_gradient_hover_angle</item>
        <!--Typography-->
        <item name="thmbldr_typographyDisplayLNormal">@style/Thmbldr.Typography.DisplayLNormal</item>
        <item name="thmbldr_typographyHeaderH3Bold">@style/Thmbldr.Typography.HeaderH3Bold</item>
    </style>
</resources>
