<?xml version="1.0" encoding="UTF-8" standalone="no"?>
<resources>
    <style name="Thmbldr.Theme" parent="Sdds.Theme">
        <!--Light colors-->
        <item name="thmbldr_textPrimary">@color/thmbldr_light_text_primary</item>
        <!--Shapes-->
        <item name="thmbldr_shapeRoundXs">@style/Thmbldr.Shape.Round.Xs</item>
        <item name="thmbldr_shapeRoundXxs">@style/Thmbldr.Shape.Round.Xxs</item>
    </style>
</resources>
