<?xml version="1.0" encoding="UTF-8" standalone="no"?>

<!--AUTO-GENERATED. DO NOT MODIFY this file.-->
<resources>
    <style name="Thmbldr.TestTheme.MaterialComponents.DayNight" parent="Thmbldr.TestTheme.MaterialComponents"/>
</resources>
