<?xml version="1.0" encoding="UTF-8" standalone="no"?>
<resources>
    <!--Прозрачная акцентная поверхность-->
    <color name="thmbldr_dark_on_light_surface_transparent_accent">#FFFFFF1F</color>
</resources>
