<?xml version="1.0" encoding="UTF-8" standalone="no"?>
<font-family xmlns:app="http://schemas.android.com/apk/res-auto">
    <!--Font-family: SB Sans Text-->
    <font app:font="@font/s_b_sans_text_regular" app:fontStyle="normal" app:fontWeight="300"/>
    <font app:font="@font/s_b_sans_text_italic" app:fontStyle="italic" app:fontWeight="300"/>
    <font app:font="@font/s_b_sans_text_bold" app:fontStyle="normal" app:fontWeight="600"/>
</font-family>
